<?xml version="1.0" encoding="UTF-8"?>
<!-- Generated by org.testng.reporters.JUnitReportReporter -->
<testsuite hostname="Raj" failures="0" tests="3" name="com.comcast.crm.annotations.CreateOrgTest" time="35.634" errors="0" timestamp="2024-06-24T10:10:23 IST" skipped="0">
  <testcase classname="com.comcast.crm.annotations.CreateOrgTest" name="CreateOrgWithNameTest" time="11.244"/>
  <system-out/>
  <testcase classname="com.comcast.crm.annotations.CreateOrgTest" name="createOrgWithIndustryType" time="10.650"/>
  <system-out/>
  <testcase classname="com.comcast.crm.annotations.CreateOrgTest" name="createWithPhoneNum" time="13.740"/>
  <system-out/>
</testsuite> <!-- com.comcast.crm.annotations.CreateOrgTest -->
