<?xml version="1.0" encoding="UTF-8"?>
<!-- Generated by org.testng.reporters.JUnitReportReporter -->
<testsuite hostname="Raj" failures="0" tests="1" name="practicebasics.ExtendReportTest" time="3.963" errors="0" timestamp="22 Jun 2024 09:52:24 GMT" skipped="0">
  <testcase classname="practicebasics.ExtendReportTest" name="reportTest3" time="3.963"/>
</testsuite> <!-- practicebasics.ExtendReportTest -->
