<?xml version="1.0" encoding="UTF-8"?>
<!-- Generated by org.testng.reporters.JUnitReportReporter -->
<testsuite hostname="Raj" failures="0" tests="1" name="practicebasics.ScreenshotSample" time="6.323" errors="0" timestamp="18 Jun 2024 10:31:30 GMT" skipped="0">
  <testcase classname="practicebasics.ScreenshotSample" name="getScreenshotSample" time="6.323"/>
</testsuite> <!-- practicebasics.ScreenshotSample -->
