<?xml version="1.0" encoding="UTF-8"?>
<!-- Generated by org.testng.reporters.JUnitReportReporter -->
<testsuite hostname="Raj" failures="0" tests="3" name="com.comcast.crm.group.CreateContactTest" time="22.359" errors="0" timestamp="2024-06-24T14:52:48 IST" skipped="0">
  <testcase classname="com.comcast.crm.group.CreateContactTest" name="createContactWithStartAndEndDate" time="5.541"/>
  <system-out/>
  <testcase classname="com.comcast.crm.group.CreateContactTest" name="CreateContactWithMandatoryTest" time="6.072"/>
  <system-out/>
  <testcase classname="com.comcast.crm.group.CreateContactTest" name="createContactWithOrg" time="10.746"/>
  <system-out/>
</testsuite> <!-- com.comcast.crm.group.CreateContactTest -->
