<?xml version="1.0" encoding="UTF-8"?>
<!-- Generated by org.testng.reporters.JUnitReportReporter -->
<testsuite hostname="Raj" failures="0" tests="1" name="com.comcast.crm.group.CreateOrgTest" time="7.487" errors="0" timestamp="2024-06-24T15:11:47 IST" skipped="0">
  <testcase classname="com.comcast.crm.group.CreateOrgTest" name="CreateOrgWithNameTest" time="7.487"/>
  <system-out/>
</testsuite> <!-- com.comcast.crm.group.CreateOrgTest -->
