<?xml version="1.0" encoding="UTF-8"?>
<!-- Generated by org.testng.reporters.JUnitReportReporter -->
<testsuite hostname="Raj" failures="0" tests="1" name="practicebasics.Data_Provider_Excel" time="0.000" errors="0" timestamp="19 Jun 2024 12:41:26 GMT" skipped="1">
  <testcase classname="practicebasics.Data_Provider_Excel" name="readData" time="0.000">
    <skipped/>
  </testcase> <!-- readData -->
</testsuite> <!-- practicebasics.Data_Provider_Excel -->
