<?xml version="1.0" encoding="UTF-8"?>
<!-- Generated by org.testng.reporters.JUnitReportReporter -->
<testsuite hostname="Raj" failures="0" tests="3" name="practicebasics.SampleReportTestUsingConFig" time="3.302" errors="0" timestamp="2024-06-24T10:12:17 IST" skipped="0">
  <testcase classname="practicebasics.SampleReportTestUsingConFig" name="createOrgTest" time="0.003"/>
  <system-out/>
  <testcase classname="practicebasics.SampleReportTestUsingConFig" name="createContactwithPhoneNum" time="3.279"/>
  <system-out/>
  <testcase classname="practicebasics.SampleReportTestUsingConFig" name="createContactTest" time="0.020"/>
  <system-out/>
</testsuite> <!-- practicebasics.SampleReportTestUsingConFig -->
