<?xml version="1.0" encoding="UTF-8"?>
<!-- Generated by org.testng.reporters.JUnitReportReporter -->
<testsuite hostname="Raj" failures="0" tests="1" name="practicebasics.ExcelRowAndCellCount" time="0.831" errors="0" timestamp="11 Jun 2024 07:50:34 GMT" skipped="0">
  <testcase classname="practicebasics.ExcelRowAndCellCount" name="getData" time="0.831"/>
</testsuite> <!-- practicebasics.ExcelRowAndCellCount -->
