<?xml version="1.0" encoding="UTF-8"?>
<!-- Generated by org.testng.reporters.JUnitReportReporter -->
<testsuite hostname="Raj" failures="0" tests="3" name="practicebasics.Data_Provider_Amazon_Test" time="28.203" errors="0" timestamp="11 Jun 2024 09:20:36 GMT" skipped="0">
  <testcase classname="practicebasics.Data_Provider_Amazon_Test" name="searchAndCapturePriceTest" time="7.743"/>
  <testcase classname="practicebasics.Data_Provider_Amazon_Test" name="searchAndCapturePriceTest" time="13.189"/>
  <testcase classname="practicebasics.Data_Provider_Amazon_Test" name="searchAndCapturePriceTest" time="7.271"/>
</testsuite> <!-- practicebasics.Data_Provider_Amazon_Test -->
