<?xml version="1.0" encoding="UTF-8"?>
<!-- Generated by org.testng.reporters.JUnitReportReporter -->
<testsuite hostname="Raj" failures="0" tests="3" name="com.comcast.crm.annotations.CreateContactTest" time="39.604" errors="0" timestamp="14 Jun 2024 06:07:52 GMT" skipped="0">
  <testcase classname="com.comcast.crm.annotations.CreateContactTest" name="createContactWithOrg" time="18.370"/>
  <testcase classname="com.comcast.crm.annotations.CreateContactTest" name="createContactWithStartAndEndDate" time="10.219"/>
  <testcase classname="com.comcast.crm.annotations.CreateContactTest" name="CreateContactWithMandatoryTest" time="11.015"/>
</testsuite> <!-- com.comcast.crm.annotations.CreateContactTest -->
