<?xml version="1.0" encoding="UTF-8"?>
<!-- Generated by org.testng.reporters.JUnitReportReporter -->
<testsuite hostname="Raj" failures="0" tests="1" name="practicebasics.Reporter_log" time="0.045" errors="0" timestamp="18 Jun 2024 09:49:41 GMT" skipped="0">
  <testcase classname="practicebasics.Reporter_log" name="testingReport" time="0.045"/>
</testsuite> <!-- practicebasics.Reporter_log -->
